<?xml version="1.0" encoding="UTF-8"?>
<testng-results ignored="0" total="5" passed="5" failed="0" skipped="0">
  <reporter-output>
  </reporter-output>
  <suite started-at="2024-08-07T00:01:37Z" name="Default suite" finished-at="2024-08-07T00:02:11Z" duration-ms="33652">
    <groups>
      <group name="cucumber">
        <method signature="AbstractTestNGCucumberTests.runScenario(io.cucumber.testng.PickleWrapper, io.cucumber.testng.FeatureWrapper)[pri:0, instance:runner_files.Runner_TESTNG@7331196b]" name="runScenario" class="io.cucumber.testng.AbstractTestNGCucumberTests"/>
      </group> <!-- cucumber -->
    </groups>
    <test started-at="2024-08-07T00:01:37Z" name="Default test" finished-at="2024-08-07T00:02:11Z" duration-ms="33652">
      <class name="runner_files.Runner_TESTNG">
        <test-method is-config="true" signature="setUpClass(org.testng.ITestContext)[pri:0, instance:runner_files.Runner_TESTNG@7331196b]" started-at="2024-08-06T20:01:37Z" name="setUpClass" finished-at="2024-08-06T20:01:38Z" duration-ms="1027" status="PASS">
          <params>
            <param index="0">
              <value>
                <![CDATA[org.testng.TestRunner@15e1f8fe]]>
              </value>
            </param>
          </params>
          <reporter-output>
          </reporter-output>
        </test-method> <!-- setUpClass -->
        <test-method signature="runScenario(io.cucumber.testng.PickleWrapper, io.cucumber.testng.FeatureWrapper)[pri:0, instance:runner_files.Runner_TESTNG@7331196b]" started-at="2024-08-06T20:01:38Z" name="runScenario" description="Runs Cucumber Scenarios" data-provider="scenarios" finished-at="2024-08-06T20:01:45Z" duration-ms="7128" status="PASS">
          <params>
            <param index="0">
              <value>
                <![CDATA["validate Addtocart product"]]>
              </value>
            </param>
            <param index="1">
              <value>
                <![CDATA["AddToCart functionality of TutorialNinja appliction"]]>
              </value>
            </param>
          </params>
          <reporter-output>
          </reporter-output>
        </test-method> <!-- runScenario -->
        <test-method signature="runScenario(io.cucumber.testng.PickleWrapper, io.cucumber.testng.FeatureWrapper)[pri:0, instance:runner_files.Runner_TESTNG@7331196b]" started-at="2024-08-06T20:01:45Z" name="runScenario" description="Runs Cucumber Scenarios" data-provider="scenarios" finished-at="2024-08-06T20:01:52Z" duration-ms="6102" status="PASS">
          <params>
            <param index="0">
              <value>
                <![CDATA["Login With Valid Credentials"]]>
              </value>
            </param>
            <param index="1">
              <value>
                <![CDATA["login Functionality of TutorialsNinja Application"]]>
              </value>
            </param>
          </params>
          <reporter-output>
          </reporter-output>
        </test-method> <!-- runScenario -->
        <test-method signature="runScenario(io.cucumber.testng.PickleWrapper, io.cucumber.testng.FeatureWrapper)[pri:0, instance:runner_files.Runner_TESTNG@7331196b]" started-at="2024-08-06T20:01:52Z" name="runScenario" description="Runs Cucumber Scenarios" data-provider="scenarios" finished-at="2024-08-06T20:01:59Z" duration-ms="7080" status="PASS">
          <params>
            <param index="0">
              <value>
                <![CDATA["user Logout successfully"]]>
              </value>
            </param>
            <param index="1">
              <value>
                <![CDATA["logout functionality of tutorialninja Application"]]>
              </value>
            </param>
          </params>
          <reporter-output>
          </reporter-output>
        </test-method> <!-- runScenario -->
        <test-method signature="runScenario(io.cucumber.testng.PickleWrapper, io.cucumber.testng.FeatureWrapper)[pri:0, instance:runner_files.Runner_TESTNG@7331196b]" started-at="2024-08-06T20:01:59Z" name="runScenario" description="Runs Cucumber Scenarios" data-provider="scenarios" finished-at="2024-08-06T20:02:06Z" duration-ms="7647" status="PASS">
          <params>
            <param index="0">
              <value>
                <![CDATA["Register With Valid credentials"]]>
              </value>
            </param>
            <param index="1">
              <value>
                <![CDATA["registration og Tutorialninja Application"]]>
              </value>
            </param>
          </params>
          <reporter-output>
          </reporter-output>
        </test-method> <!-- runScenario -->
        <test-method signature="runScenario(io.cucumber.testng.PickleWrapper, io.cucumber.testng.FeatureWrapper)[pri:0, instance:runner_files.Runner_TESTNG@7331196b]" started-at="2024-08-06T20:02:06Z" name="runScenario" description="Runs Cucumber Scenarios" data-provider="scenarios" finished-at="2024-08-06T20:02:10Z" duration-ms="4191" status="PASS">
          <params>
            <param index="0">
              <value>
                <![CDATA["user nagigate to login page"]]>
              </value>
            </param>
            <param index="1">
              <value>
                <![CDATA["SearchProduct functionality of TutorialNinja Application"]]>
              </value>
            </param>
          </params>
          <reporter-output>
          </reporter-output>
        </test-method> <!-- runScenario -->
        <test-method is-config="true" signature="tearDownClass()[pri:0, instance:runner_files.Runner_TESTNG@7331196b]" started-at="2024-08-06T20:02:10Z" name="tearDownClass" finished-at="2024-08-06T20:02:11Z" duration-ms="441" status="PASS">
          <reporter-output>
          </reporter-output>
        </test-method> <!-- tearDownClass -->
      </class> <!-- runner_files.Runner_TESTNG -->
    </test> <!-- Default test -->
  </suite> <!-- Default suite -->
</testng-results>
